02:38:59.003 [main] INFO  testCases.EmployeeEndtoEnd_Tests.TC007_LoginAsTerminatedEmployeeTest - Entering Login Credintials...
02:39:02.859 [main] INFO  testCases.EmployeeEndtoEnd_Tests.TC007_LoginAsTerminatedEmployeeTest - Validating Dashboard...
02:39:03.511 [main] INFO  testCases.EmployeeEndtoEnd_Tests.TC007_LoginAsTerminatedEmployeeTest - *** TC007_LoginAsTerminatedEmployeeTest Passed ***
02:39:07.156 [main] INFO  testCases.EmployeeEndtoEnd_Tests.TC008_RemoveEmployeeTest - *** Starting TC008_RemoveEmployeeTest ***
02:39:07.156 [main] INFO  testCases.EmployeeEndtoEnd_Tests.TC008_RemoveEmployeeTest - Entering Login Credintials...
02:39:11.985 [main] INFO  testCases.EmployeeEndtoEnd_Tests.TC008_RemoveEmployeeTest - Searching for Employee...
02:39:12.720 [main] INFO  testCases.EmployeeEndtoEnd_Tests.TC008_RemoveEmployeeTest - Enabling Past and current Employee option...
02:39:15.480 [main] INFO  testCases.EmployeeEndtoEnd_Tests.TC008_RemoveEmployeeTest - Deleting Empolyee...
02:39:16.409 [main] INFO  testCases.EmployeeEndtoEnd_Tests.TC008_RemoveEmployeeTest - Validating Empolyee deletion...
02:39:16.962 [main] INFO  testCases.EmployeeEndtoEnd_Tests.TC008_RemoveEmployeeTest - *** TC008_RemoveEmployeeTest Passed ***
02:39:20.333 [main] INFO  testCases.CandidateEndtoEnd_Tests.TC009_CandidateAddingToHiring_Test - *** Starting TC009_CandidateAddingToHiring_Test ***
02:39:20.333 [main] INFO  testCases.CandidateEndtoEnd_Tests.TC009_CandidateAddingToHiring_Test - * Starting Validate_AddingVacancy test *
02:39:20.333 [main] INFO  testCases.CandidateEndtoEnd_Tests.TC009_CandidateAddingToHiring_Test - Entering Login Credintials...
02:39:25.337 [main] INFO  testCases.CandidateEndtoEnd_Tests.TC009_CandidateAddingToHiring_Test - Adding new Vacancy...
02:39:26.457 [main] INFO  testCases.CandidateEndtoEnd_Tests.TC009_CandidateAddingToHiring_Test - Entering Vacancy data...
02:39:29.744 [main] INFO  testCases.CandidateEndtoEnd_Tests.TC009_CandidateAddingToHiring_Test - Validating added vacancy...
02:39:31.737 [main] INFO  testCases.CandidateEndtoEnd_Tests.TC009_CandidateAddingToHiring_Test - *  Validate_AddingVacancy test Passed  *
02:39:31.746 [main] INFO  testCases.CandidateEndtoEnd_Tests.TC009_CandidateAddingToHiring_Test - * Starting Validate_AddingCandidate test *
02:39:32.338 [main] INFO  testCases.CandidateEndtoEnd_Tests.TC009_CandidateAddingToHiring_Test - Adding new Candidate...
02:39:33.396 [main] INFO  testCases.CandidateEndtoEnd_Tests.TC009_CandidateAddingToHiring_Test - Entering Candidate data...
02:39:35.547 [main] INFO  testCases.CandidateEndtoEnd_Tests.TC009_CandidateAddingToHiring_Test - Validating added vacancy...
02:39:36.096 [main] INFO  testCases.CandidateEndtoEnd_Tests.TC009_CandidateAddingToHiring_Test - *  Validate_AddingCandidate test Passed  *
02:39:36.106 [main] INFO  testCases.CandidateEndtoEnd_Tests.TC009_CandidateAddingToHiring_Test - * Starting Validate_AddCandidateToShortList test *
02:39:36.106 [main] INFO  testCases.CandidateEndtoEnd_Tests.TC009_CandidateAddingToHiring_Test - Adding Candidate to the shortlist...
02:39:41.195 [main] INFO  testCases.CandidateEndtoEnd_Tests.TC009_CandidateAddingToHiring_Test - Validating adding the Candidate to the shortlist...
02:39:41.755 [main] INFO  testCases.CandidateEndtoEnd_Tests.TC009_CandidateAddingToHiring_Test - *  Validate_AddCandidateToShortList test Passed  *
02:39:41.764 [main] INFO  testCases.CandidateEndtoEnd_Tests.TC009_CandidateAddingToHiring_Test - * Starting Validate_SchedulingInterview test *
02:39:41.764 [main] INFO  testCases.CandidateEndtoEnd_Tests.TC009_CandidateAddingToHiring_Test - Scheduling Interview for a candidate...
02:39:45.992 [main] INFO  testCases.CandidateEndtoEnd_Tests.TC009_CandidateAddingToHiring_Test - Entering Interview details...
02:39:48.989 [main] INFO  testCases.CandidateEndtoEnd_Tests.TC009_CandidateAddingToHiring_Test - Validating Scheduling the interview...
02:39:49.546 [main] INFO  testCases.CandidateEndtoEnd_Tests.TC009_CandidateAddingToHiring_Test - *  Validate_SchedulingInterview test Passed  *
02:39:49.547 [main] INFO  testCases.CandidateEndtoEnd_Tests.TC009_CandidateAddingToHiring_Test - * Starting Validate_PassingInterview test *
02:39:54.574 [main] INFO  testCases.CandidateEndtoEnd_Tests.TC009_CandidateAddingToHiring_Test - Validating marking the interview as passed...
02:39:55.130 [main] INFO  testCases.CandidateEndtoEnd_Tests.TC009_CandidateAddingToHiring_Test - *  Validate_PassingInterview test Passed  *
02:39:55.139 [main] INFO  testCases.CandidateEndtoEnd_Tests.TC009_CandidateAddingToHiring_Test - * Starting Validate_OfferJob test *
02:40:00.187 [main] INFO  testCases.CandidateEndtoEnd_Tests.TC009_CandidateAddingToHiring_Test - Validating offering job...
02:40:00.738 [main] INFO  testCases.CandidateEndtoEnd_Tests.TC009_CandidateAddingToHiring_Test - *  Validate_OfferJob test Passed  *
02:40:00.747 [main] INFO  testCases.CandidateEndtoEnd_Tests.TC009_CandidateAddingToHiring_Test - * Starting Validate_HiringCandidate test *
02:40:06.496 [main] INFO  testCases.CandidateEndtoEnd_Tests.TC009_CandidateAddingToHiring_Test - Validating hiring a candidate...
02:40:07.046 [main] INFO  testCases.CandidateEndtoEnd_Tests.TC009_CandidateAddingToHiring_Test - *  Validate_HiringCandidate test Passed  *
02:40:07.046 [main] INFO  testCases.CandidateEndtoEnd_Tests.TC009_CandidateAddingToHiring_Test - *** Ending TC009_CandidateAddingToHiring_Test ***
