02:32:40.849 [main] INFO  testCases.login_Tests.TC001_LoginTest - *** Starting TC001_LoginTest ***
02:32:40.873 [main] INFO  testCases.login_Tests.TC001_LoginTest - Entering Login Credintials...
02:32:43.230 [main] INFO  testCases.login_Tests.TC001_LoginTest - Validating Dashboard...
02:32:43.975 [main] INFO  testCases.login_Tests.TC001_LoginTest - *** TC001_LoginTest Passed ***
02:32:47.616 [main] DEBUG org.apache.poi.openxml4j.opc.PackageRelationshipCollection - Parsing relationship: /xl/_rels/workbook.xml.rels
02:32:47.621 [main] DEBUG org.apache.poi.openxml4j.opc.PackageRelationshipCollection - Parsing relationship: /_rels/.rels
02:32:48.134 [main] DEBUG org.apache.poi.openxml4j.opc.PackageRelationshipCollection - Parsing relationship: /xl/_rels/workbook.xml.rels
02:32:48.138 [main] DEBUG org.apache.poi.openxml4j.opc.PackageRelationshipCollection - Parsing relationship: /_rels/.rels
02:32:48.163 [main] DEBUG org.apache.poi.openxml4j.opc.PackageRelationshipCollection - Parsing relationship: /xl/_rels/workbook.xml.rels
02:32:48.163 [main] DEBUG org.apache.poi.openxml4j.opc.PackageRelationshipCollection - Parsing relationship: /_rels/.rels
02:32:48.204 [main] DEBUG org.apache.poi.openxml4j.opc.PackageRelationshipCollection - Parsing relationship: /xl/_rels/workbook.xml.rels
02:32:48.204 [main] DEBUG org.apache.poi.openxml4j.opc.PackageRelationshipCollection - Parsing relationship: /_rels/.rels
02:32:48.219 [main] DEBUG org.apache.poi.openxml4j.opc.PackageRelationshipCollection - Parsing relationship: /xl/_rels/workbook.xml.rels
02:32:48.219 [main] DEBUG org.apache.poi.openxml4j.opc.PackageRelationshipCollection - Parsing relationship: /_rels/.rels
02:32:48.252 [main] DEBUG org.apache.poi.openxml4j.opc.PackageRelationshipCollection - Parsing relationship: /xl/_rels/workbook.xml.rels
02:32:48.252 [main] DEBUG org.apache.poi.openxml4j.opc.PackageRelationshipCollection - Parsing relationship: /_rels/.rels
02:32:48.281 [main] DEBUG org.apache.poi.openxml4j.opc.PackageRelationshipCollection - Parsing relationship: /xl/_rels/workbook.xml.rels
02:32:48.281 [main] DEBUG org.apache.poi.openxml4j.opc.PackageRelationshipCollection - Parsing relationship: /_rels/.rels
02:32:48.306 [main] DEBUG org.apache.poi.openxml4j.opc.PackageRelationshipCollection - Parsing relationship: /xl/_rels/workbook.xml.rels
02:32:48.306 [main] DEBUG org.apache.poi.openxml4j.opc.PackageRelationshipCollection - Parsing relationship: /_rels/.rels
02:32:48.328 [main] DEBUG org.apache.poi.openxml4j.opc.PackageRelationshipCollection - Parsing relationship: /xl/_rels/workbook.xml.rels
02:32:48.328 [main] DEBUG org.apache.poi.openxml4j.opc.PackageRelationshipCollection - Parsing relationship: /_rels/.rels
02:32:48.355 [main] DEBUG org.apache.poi.openxml4j.opc.PackageRelationshipCollection - Parsing relationship: /xl/_rels/workbook.xml.rels
02:32:48.360 [main] DEBUG org.apache.poi.openxml4j.opc.PackageRelationshipCollection - Parsing relationship: /_rels/.rels
02:32:48.376 [main] DEBUG org.apache.poi.openxml4j.opc.PackageRelationshipCollection - Parsing relationship: /xl/_rels/workbook.xml.rels
02:32:48.376 [main] DEBUG org.apache.poi.openxml4j.opc.PackageRelationshipCollection - Parsing relationship: /_rels/.rels
02:32:48.392 [main] DEBUG org.apache.poi.openxml4j.opc.PackageRelationshipCollection - Parsing relationship: /xl/_rels/workbook.xml.rels
02:32:48.392 [main] DEBUG org.apache.poi.openxml4j.opc.PackageRelationshipCollection - Parsing relationship: /_rels/.rels
02:32:48.408 [main] DEBUG org.apache.poi.openxml4j.opc.PackageRelationshipCollection - Parsing relationship: /xl/_rels/workbook.xml.rels
02:32:48.408 [main] DEBUG org.apache.poi.openxml4j.opc.PackageRelationshipCollection - Parsing relationship: /_rels/.rels
02:32:48.424 [main] DEBUG org.apache.poi.openxml4j.opc.PackageRelationshipCollection - Parsing relationship: /xl/_rels/workbook.xml.rels
02:32:48.424 [main] DEBUG org.apache.poi.openxml4j.opc.PackageRelationshipCollection - Parsing relationship: /_rels/.rels
02:32:48.450 [main] DEBUG org.apache.poi.openxml4j.opc.PackageRelationshipCollection - Parsing relationship: /xl/_rels/workbook.xml.rels
02:32:48.450 [main] DEBUG org.apache.poi.openxml4j.opc.PackageRelationshipCollection - Parsing relationship: /_rels/.rels
02:32:48.471 [main] DEBUG org.apache.poi.openxml4j.opc.PackageRelationshipCollection - Parsing relationship: /xl/_rels/workbook.xml.rels
02:32:48.471 [main] DEBUG org.apache.poi.openxml4j.opc.PackageRelationshipCollection - Parsing relationship: /_rels/.rels
02:32:48.535 [main] DEBUG org.apache.poi.openxml4j.opc.PackageRelationshipCollection - Parsing relationship: /xl/_rels/workbook.xml.rels
02:32:48.535 [main] DEBUG org.apache.poi.openxml4j.opc.PackageRelationshipCollection - Parsing relationship: /_rels/.rels
02:32:48.551 [main] DEBUG org.apache.poi.openxml4j.opc.PackageRelationshipCollection - Parsing relationship: /xl/_rels/workbook.xml.rels
02:32:48.551 [main] DEBUG org.apache.poi.openxml4j.opc.PackageRelationshipCollection - Parsing relationship: /_rels/.rels
02:32:48.567 [main] DEBUG org.apache.poi.openxml4j.opc.PackageRelationshipCollection - Parsing relationship: /xl/_rels/workbook.xml.rels
02:32:48.567 [main] DEBUG org.apache.poi.openxml4j.opc.PackageRelationshipCollection - Parsing relationship: /_rels/.rels
02:32:48.787 [main] DEBUG org.apache.poi.openxml4j.opc.PackageRelationshipCollection - Parsing relationship: /xl/_rels/workbook.xml.rels
02:32:48.787 [main] DEBUG org.apache.poi.openxml4j.opc.PackageRelationshipCollection - Parsing relationship: /_rels/.rels
02:32:48.819 [main] INFO  testCases.login_Tests.TC002_Login_DataDrivenTesting - *** Starting TC002_Login_DataDrivenTesting [1]***
02:32:48.834 [main] INFO  testCases.login_Tests.TC002_Login_DataDrivenTesting - 1
02:32:48.834 [main] INFO  testCases.login_Tests.TC002_Login_DataDrivenTesting - Entering Login Credintials...
02:32:48.834 [main] INFO  testCases.login_Tests.TC002_Login_DataDrivenTesting - 
02:32:48.834 [main] INFO  testCases.login_Tests.TC002_Login_DataDrivenTesting - 
02:32:49.475 [main] INFO  testCases.login_Tests.TC002_Login_DataDrivenTesting - Validating Dashboard...
02:32:49.556 [main] INFO  testCases.login_Tests.TC002_Login_DataDrivenTesting - *** TC002_Login_DataDrivenTesting [2] Passed ***
02:32:49.564 [main] INFO  testCases.login_Tests.TC002_Login_DataDrivenTesting - *** Starting TC002_Login_DataDrivenTesting [2]***
02:32:49.564 [main] INFO  testCases.login_Tests.TC002_Login_DataDrivenTesting - 2
02:32:49.564 [main] INFO  testCases.login_Tests.TC002_Login_DataDrivenTesting - Entering Login Credintials...
02:32:49.564 [main] INFO  testCases.login_Tests.TC002_Login_DataDrivenTesting - 
02:32:49.564 [main] INFO  testCases.login_Tests.TC002_Login_DataDrivenTesting - admin123
02:32:50.183 [main] INFO  testCases.login_Tests.TC002_Login_DataDrivenTesting - Validating Dashboard...
02:32:50.290 [main] INFO  testCases.login_Tests.TC002_Login_DataDrivenTesting - *** TC002_Login_DataDrivenTesting [3] Passed ***
02:32:50.296 [main] INFO  testCases.login_Tests.TC002_Login_DataDrivenTesting - *** Starting TC002_Login_DataDrivenTesting [3]***
02:32:50.296 [main] INFO  testCases.login_Tests.TC002_Login_DataDrivenTesting - 3
02:32:50.296 [main] INFO  testCases.login_Tests.TC002_Login_DataDrivenTesting - Entering Login Credintials...
02:32:50.296 [main] INFO  testCases.login_Tests.TC002_Login_DataDrivenTesting - Admin
02:32:50.298 [main] INFO  testCases.login_Tests.TC002_Login_DataDrivenTesting - 
02:32:50.893 [main] INFO  testCases.login_Tests.TC002_Login_DataDrivenTesting - Validating Dashboard...
02:32:50.972 [main] INFO  testCases.login_Tests.TC002_Login_DataDrivenTesting - *** TC002_Login_DataDrivenTesting [4] Passed ***
02:32:50.980 [main] INFO  testCases.login_Tests.TC002_Login_DataDrivenTesting - *** Starting TC002_Login_DataDrivenTesting [4]***
02:32:50.980 [main] INFO  testCases.login_Tests.TC002_Login_DataDrivenTesting - 4
02:32:50.980 [main] INFO  testCases.login_Tests.TC002_Login_DataDrivenTesting - Entering Login Credintials...
02:32:50.980 [main] INFO  testCases.login_Tests.TC002_Login_DataDrivenTesting - A
02:32:50.980 [main] INFO  testCases.login_Tests.TC002_Login_DataDrivenTesting - admin123
02:32:51.646 [main] INFO  testCases.login_Tests.TC002_Login_DataDrivenTesting - Validating Dashboard...
02:32:52.883 [main] INFO  testCases.login_Tests.TC002_Login_DataDrivenTesting - *** TC002_Login_DataDrivenTesting [5] Passed ***
02:32:52.883 [main] INFO  testCases.login_Tests.TC002_Login_DataDrivenTesting - *** Starting TC002_Login_DataDrivenTesting [5]***
02:32:52.883 [main] INFO  testCases.login_Tests.TC002_Login_DataDrivenTesting - 5
02:32:52.883 [main] INFO  testCases.login_Tests.TC002_Login_DataDrivenTesting - Entering Login Credintials...
02:32:52.883 [main] INFO  testCases.login_Tests.TC002_Login_DataDrivenTesting - Admin
02:32:52.883 [main] INFO  testCases.login_Tests.TC002_Login_DataDrivenTesting - admin123
02:32:53.663 [main] INFO  testCases.login_Tests.TC002_Login_DataDrivenTesting - Validating Dashboard...
02:32:55.274 [main] INFO  testCases.login_Tests.TC002_Login_DataDrivenTesting - *** TC002_Login_DataDrivenTesting [6] Passed ***
02:32:56.355 [main] INFO  testCases.login_Tests.TC002_Login_DataDrivenTesting - *** Starting TC002_Login_DataDrivenTesting [6]***
02:32:56.355 [main] INFO  testCases.login_Tests.TC002_Login_DataDrivenTesting - 6
02:32:56.355 [main] INFO  testCases.login_Tests.TC002_Login_DataDrivenTesting - Entering Login Credintials...
02:32:56.355 [main] INFO  testCases.login_Tests.TC002_Login_DataDrivenTesting - Admin
02:32:56.355 [main] INFO  testCases.login_Tests.TC002_Login_DataDrivenTesting - 123
02:32:58.323 [main] INFO  testCases.login_Tests.TC002_Login_DataDrivenTesting - Validating Dashboard...
02:32:58.950 [main] INFO  testCases.login_Tests.TC002_Login_DataDrivenTesting - *** TC002_Login_DataDrivenTesting [7] Passed ***
02:33:02.672 [main] INFO  testCases.EmployeeEndtoEnd_Tests.TC003_AddEmployeeTest - *** Starting TC003_AddEmployeeTest ***
02:33:02.672 [main] INFO  testCases.EmployeeEndtoEnd_Tests.TC003_AddEmployeeTest - Entering Login Credintials...
02:33:07.705 [main] INFO  testCases.EmployeeEndtoEnd_Tests.TC003_AddEmployeeTest - Adding new Employee...
02:33:07.705 [main] INFO  testCases.EmployeeEndtoEnd_Tests.TC003_AddEmployeeTest - Entering Employee data...
02:33:09.139 [main] INFO  testCases.EmployeeEndtoEnd_Tests.TC003_AddEmployeeTest - Entering Employee Login Credintials...
02:33:09.890 [main] INFO  testCases.EmployeeEndtoEnd_Tests.TC003_AddEmployeeTest - Validating Success message...
02:33:12.576 [main] INFO  testCases.EmployeeEndtoEnd_Tests.TC003_AddEmployeeTest - *** TC003_AddEmployeeTest Passed ***
02:33:15.815 [main] INFO  testCases.EmployeeEndtoEnd_Tests.TC004_SearchforEmployeeTest - *** Starting TC004_SearchforEmployeeTest ***
02:33:15.815 [main] INFO  testCases.EmployeeEndtoEnd_Tests.TC004_SearchforEmployeeTest - Entering Login Credintials...
02:33:20.686 [main] INFO  testCases.EmployeeEndtoEnd_Tests.TC004_SearchforEmployeeTest - Searching for Employee...
02:33:23.820 [main] INFO  testCases.EmployeeEndtoEnd_Tests.TC004_SearchforEmployeeTest - Validating Employee search result...
02:33:24.451 [main] INFO  testCases.EmployeeEndtoEnd_Tests.TC004_SearchforEmployeeTest - *** TC004_SearchforEmployeeTest Passed ***
02:33:27.677 [main] INFO  testCases.EmployeeEndtoEnd_Tests.TC005_LoginNewEmployeeTest - *** Starting TC005_LoginNewEmployeeTest ***
02:33:27.677 [main] INFO  testCases.EmployeeEndtoEnd_Tests.TC005_LoginNewEmployeeTest - Entering Login Credintials...
02:33:29.946 [main] INFO  testCases.EmployeeEndtoEnd_Tests.TC005_LoginNewEmployeeTest - Validating Dashboard...
02:33:30.704 [main] INFO  testCases.EmployeeEndtoEnd_Tests.TC005_LoginNewEmployeeTest - *** TC005_LoginNewEmployeeTest Passed ***
02:33:34.006 [main] INFO  testCases.EmployeeEndtoEnd_Tests.TC006_TerminateEmployeeContractTest - *** Starting TC006_TerminateEmployeeContractTest ***
02:33:34.006 [main] INFO  testCases.EmployeeEndtoEnd_Tests.TC006_TerminateEmployeeContractTest - Entering Login Credintials...
02:33:38.913 [main] INFO  testCases.EmployeeEndtoEnd_Tests.TC006_TerminateEmployeeContractTest - Searching for Employee...
02:33:42.064 [main] INFO  testCases.EmployeeEndtoEnd_Tests.TC006_TerminateEmployeeContractTest - Editing Employee details...
02:33:44.479 [main] INFO  testCases.EmployeeEndtoEnd_Tests.TC006_TerminateEmployeeContractTest - Terminating Employee contract...
02:33:46.434 [main] INFO  testCases.EmployeeEndtoEnd_Tests.TC006_TerminateEmployeeContractTest - Validating Employee contract termination...
02:33:48.473 [main] INFO  testCases.EmployeeEndtoEnd_Tests.TC006_TerminateEmployeeContractTest - *** TC006_TerminateEmployeeContractTest Passed ***
02:33:51.718 [main] INFO  testCases.EmployeeEndtoEnd_Tests.TC007_LoginAsTerminatedEmployeeTest - *** Starting TC007_LoginAsTerminatedEmployeeTest ***
02:33:51.718 [main] INFO  testCases.EmployeeEndtoEnd_Tests.TC007_LoginAsTerminatedEmployeeTest - Entering Login Credintials...
02:33:53.014 [main] INFO  testCases.EmployeeEndtoEnd_Tests.TC007_LoginAsTerminatedEmployeeTest - Validating Dashboard...
02:33:54.591 [main] INFO  testCases.EmployeeEndtoEnd_Tests.TC007_LoginAsTerminatedEmployeeTest - *** TC007_LoginAsTerminatedEmployeeTest Passed ***
02:33:57.905 [main] INFO  testCases.EmployeeEndtoEnd_Tests.TC008_RemoveEmployeeTest - *** Starting TC008_RemoveEmployeeTest ***
02:33:57.906 [main] INFO  testCases.EmployeeEndtoEnd_Tests.TC008_RemoveEmployeeTest - Entering Login Credintials...
02:34:02.781 [main] INFO  testCases.EmployeeEndtoEnd_Tests.TC008_RemoveEmployeeTest - Searching for Employee...
02:34:03.777 [main] INFO  testCases.EmployeeEndtoEnd_Tests.TC008_RemoveEmployeeTest - Enabling Past and current Employee option...
02:34:06.368 [main] INFO  testCases.EmployeeEndtoEnd_Tests.TC008_RemoveEmployeeTest - Deleting Empolyee...
02:34:07.294 [main] INFO  testCases.EmployeeEndtoEnd_Tests.TC008_RemoveEmployeeTest - Validating Empolyee deletion...
02:34:07.851 [main] INFO  testCases.EmployeeEndtoEnd_Tests.TC008_RemoveEmployeeTest - *** TC008_RemoveEmployeeTest Passed ***
02:34:11.124 [main] INFO  testCases.CandidateEndtoEnd_Tests.TC009_CandidateAddingToHiring_Test - *** Starting TC009_CandidateAddingToHiring_Test ***
02:34:11.124 [main] INFO  testCases.CandidateEndtoEnd_Tests.TC009_CandidateAddingToHiring_Test - * Starting Validate_AddingVacancy test *
02:34:11.124 [main] INFO  testCases.CandidateEndtoEnd_Tests.TC009_CandidateAddingToHiring_Test - Entering Login Credintials...
02:34:15.882 [main] INFO  testCases.CandidateEndtoEnd_Tests.TC009_CandidateAddingToHiring_Test - Adding new Vacancy...
02:34:17.013 [main] INFO  testCases.CandidateEndtoEnd_Tests.TC009_CandidateAddingToHiring_Test - Entering Vacancy data...
02:34:20.660 [main] INFO  testCases.CandidateEndtoEnd_Tests.TC009_CandidateAddingToHiring_Test - Validating added vacancy...
02:34:22.670 [main] INFO  testCases.CandidateEndtoEnd_Tests.TC009_CandidateAddingToHiring_Test - *  Validate_AddingVacancy test Passed  *
02:34:22.681 [main] INFO  testCases.CandidateEndtoEnd_Tests.TC009_CandidateAddingToHiring_Test - * Starting Validate_AddingCandidate test *
02:34:23.223 [main] INFO  testCases.CandidateEndtoEnd_Tests.TC009_CandidateAddingToHiring_Test - Adding new Candidate...
02:34:24.275 [main] INFO  testCases.CandidateEndtoEnd_Tests.TC009_CandidateAddingToHiring_Test - Entering Candidate data...
02:34:26.448 [main] INFO  testCases.CandidateEndtoEnd_Tests.TC009_CandidateAddingToHiring_Test - Validating added vacancy...
02:34:26.998 [main] INFO  testCases.CandidateEndtoEnd_Tests.TC009_CandidateAddingToHiring_Test - *  Validate_AddingCandidate test Passed  *
02:34:27.008 [main] INFO  testCases.CandidateEndtoEnd_Tests.TC009_CandidateAddingToHiring_Test - * Starting Validate_AddCandidateToShortList test *
02:34:27.008 [main] INFO  testCases.CandidateEndtoEnd_Tests.TC009_CandidateAddingToHiring_Test - Adding Candidate to the shortlist...
02:34:32.183 [main] INFO  testCases.CandidateEndtoEnd_Tests.TC009_CandidateAddingToHiring_Test - Validating adding the Candidate to the shortlist...
02:34:32.732 [main] INFO  testCases.CandidateEndtoEnd_Tests.TC009_CandidateAddingToHiring_Test - *  Validate_AddCandidateToShortList test Passed  *
02:34:32.749 [main] INFO  testCases.CandidateEndtoEnd_Tests.TC009_CandidateAddingToHiring_Test - * Starting Validate_SchedulingInterview test *
02:34:32.749 [main] INFO  testCases.CandidateEndtoEnd_Tests.TC009_CandidateAddingToHiring_Test - Scheduling Interview for a candidate...
02:34:36.865 [main] INFO  testCases.CandidateEndtoEnd_Tests.TC009_CandidateAddingToHiring_Test - Entering Interview details...
02:34:40.132 [main] INFO  testCases.CandidateEndtoEnd_Tests.TC009_CandidateAddingToHiring_Test - Validating Scheduling the interview...
02:34:40.665 [main] INFO  testCases.CandidateEndtoEnd_Tests.TC009_CandidateAddingToHiring_Test - *  Validate_SchedulingInterview test Passed  *
02:34:40.665 [main] INFO  testCases.CandidateEndtoEnd_Tests.TC009_CandidateAddingToHiring_Test - * Starting Validate_PassingInterview test *
02:34:45.418 [main] INFO  testCases.CandidateEndtoEnd_Tests.TC009_CandidateAddingToHiring_Test - Validating marking the interview as passed...
02:34:45.949 [main] INFO  testCases.CandidateEndtoEnd_Tests.TC009_CandidateAddingToHiring_Test - *  Validate_PassingInterview test Passed  *
02:34:45.949 [main] INFO  testCases.CandidateEndtoEnd_Tests.TC009_CandidateAddingToHiring_Test - * Starting Validate_OfferJob test *
02:34:50.734 [main] INFO  testCases.CandidateEndtoEnd_Tests.TC009_CandidateAddingToHiring_Test - Validating offering job...
02:34:51.266 [main] INFO  testCases.CandidateEndtoEnd_Tests.TC009_CandidateAddingToHiring_Test - *  Validate_OfferJob test Passed  *
02:34:51.266 [main] INFO  testCases.CandidateEndtoEnd_Tests.TC009_CandidateAddingToHiring_Test - * Starting Validate_HiringCandidate test *
02:34:55.992 [main] INFO  testCases.CandidateEndtoEnd_Tests.TC009_CandidateAddingToHiring_Test - Validating hiring a candidate...
02:34:56.523 [main] INFO  testCases.CandidateEndtoEnd_Tests.TC009_CandidateAddingToHiring_Test - *  Validate_HiringCandidate test Passed  *
02:34:56.524 [main] INFO  testCases.CandidateEndtoEnd_Tests.TC009_CandidateAddingToHiring_Test - *** Ending TC009_CandidateAddingToHiring_Test ***
02:35:05.039 [main] INFO  testCases.login_Tests.TC001_LoginTest - *** Starting TC001_LoginTest ***
02:35:05.039 [main] INFO  testCases.login_Tests.TC001_LoginTest - Entering Login Credintials...
02:35:06.896 [main] INFO  testCases.login_Tests.TC001_LoginTest - Validating Dashboard...
02:35:07.471 [main] INFO  testCases.login_Tests.TC001_LoginTest - *** TC001_LoginTest Passed ***
02:35:14.063 [main] DEBUG org.apache.poi.openxml4j.opc.PackageRelationshipCollection - Parsing relationship: /xl/_rels/workbook.xml.rels
02:35:14.068 [main] DEBUG org.apache.poi.openxml4j.opc.PackageRelationshipCollection - Parsing relationship: /_rels/.rels
02:35:14.120 [main] DEBUG org.apache.poi.openxml4j.opc.PackageRelationshipCollection - Parsing relationship: /xl/_rels/workbook.xml.rels
02:35:14.120 [main] DEBUG org.apache.poi.openxml4j.opc.PackageRelationshipCollection - Parsing relationship: /_rels/.rels
02:35:14.147 [main] DEBUG org.apache.poi.openxml4j.opc.PackageRelationshipCollection - Parsing relationship: /xl/_rels/workbook.xml.rels
02:35:14.147 [main] DEBUG org.apache.poi.openxml4j.opc.PackageRelationshipCollection - Parsing relationship: /_rels/.rels
02:35:14.178 [main] DEBUG org.apache.poi.openxml4j.opc.PackageRelationshipCollection - Parsing relationship: /xl/_rels/workbook.xml.rels
02:35:14.178 [main] DEBUG org.apache.poi.openxml4j.opc.PackageRelationshipCollection - Parsing relationship: /_rels/.rels
02:35:14.207 [main] DEBUG org.apache.poi.openxml4j.opc.PackageRelationshipCollection - Parsing relationship: /xl/_rels/workbook.xml.rels
02:35:14.207 [main] DEBUG org.apache.poi.openxml4j.opc.PackageRelationshipCollection - Parsing relationship: /_rels/.rels
02:35:14.236 [main] DEBUG org.apache.poi.openxml4j.opc.PackageRelationshipCollection - Parsing relationship: /xl/_rels/workbook.xml.rels
02:35:14.238 [main] DEBUG org.apache.poi.openxml4j.opc.PackageRelationshipCollection - Parsing relationship: /_rels/.rels
02:35:14.268 [main] DEBUG org.apache.poi.openxml4j.opc.PackageRelationshipCollection - Parsing relationship: /xl/_rels/workbook.xml.rels
02:35:14.272 [main] DEBUG org.apache.poi.openxml4j.opc.PackageRelationshipCollection - Parsing relationship: /_rels/.rels
02:35:14.286 [main] DEBUG org.apache.poi.openxml4j.opc.PackageRelationshipCollection - Parsing relationship: /xl/_rels/workbook.xml.rels
02:35:14.302 [main] DEBUG org.apache.poi.openxml4j.opc.PackageRelationshipCollection - Parsing relationship: /_rels/.rels
02:35:14.324 [main] DEBUG org.apache.poi.openxml4j.opc.PackageRelationshipCollection - Parsing relationship: /xl/_rels/workbook.xml.rels
02:35:14.330 [main] DEBUG org.apache.poi.openxml4j.opc.PackageRelationshipCollection - Parsing relationship: /_rels/.rels
02:35:14.371 [main] DEBUG org.apache.poi.openxml4j.opc.PackageRelationshipCollection - Parsing relationship: /xl/_rels/workbook.xml.rels
02:35:14.373 [main] DEBUG org.apache.poi.openxml4j.opc.PackageRelationshipCollection - Parsing relationship: /_rels/.rels
02:35:14.423 [main] DEBUG org.apache.poi.openxml4j.opc.PackageRelationshipCollection - Parsing relationship: /xl/_rels/workbook.xml.rels
02:35:14.425 [main] DEBUG org.apache.poi.openxml4j.opc.PackageRelationshipCollection - Parsing relationship: /_rels/.rels
02:35:14.449 [main] DEBUG org.apache.poi.openxml4j.opc.PackageRelationshipCollection - Parsing relationship: /xl/_rels/workbook.xml.rels
02:35:14.449 [main] DEBUG org.apache.poi.openxml4j.opc.PackageRelationshipCollection - Parsing relationship: /_rels/.rels
02:35:14.476 [main] DEBUG org.apache.poi.openxml4j.opc.PackageRelationshipCollection - Parsing relationship: /xl/_rels/workbook.xml.rels
02:35:14.476 [main] DEBUG org.apache.poi.openxml4j.opc.PackageRelationshipCollection - Parsing relationship: /_rels/.rels
02:35:14.492 [main] DEBUG org.apache.poi.openxml4j.opc.PackageRelationshipCollection - Parsing relationship: /xl/_rels/workbook.xml.rels
02:35:14.492 [main] DEBUG org.apache.poi.openxml4j.opc.PackageRelationshipCollection - Parsing relationship: /_rels/.rels
02:35:14.524 [main] DEBUG org.apache.poi.openxml4j.opc.PackageRelationshipCollection - Parsing relationship: /xl/_rels/workbook.xml.rels
02:35:14.524 [main] DEBUG org.apache.poi.openxml4j.opc.PackageRelationshipCollection - Parsing relationship: /_rels/.rels
02:35:14.550 [main] DEBUG org.apache.poi.openxml4j.opc.PackageRelationshipCollection - Parsing relationship: /xl/_rels/workbook.xml.rels
02:35:14.550 [main] DEBUG org.apache.poi.openxml4j.opc.PackageRelationshipCollection - Parsing relationship: /_rels/.rels
02:35:14.567 [main] DEBUG org.apache.poi.openxml4j.opc.PackageRelationshipCollection - Parsing relationship: /xl/_rels/workbook.xml.rels
02:35:14.567 [main] DEBUG org.apache.poi.openxml4j.opc.PackageRelationshipCollection - Parsing relationship: /_rels/.rels
02:35:14.571 [main] DEBUG org.apache.poi.openxml4j.opc.PackageRelationshipCollection - Parsing relationship: /xl/_rels/workbook.xml.rels
02:35:14.571 [main] DEBUG org.apache.poi.openxml4j.opc.PackageRelationshipCollection - Parsing relationship: /_rels/.rels
02:35:14.594 [main] DEBUG org.apache.poi.openxml4j.opc.PackageRelationshipCollection - Parsing relationship: /xl/_rels/workbook.xml.rels
02:35:14.594 [main] DEBUG org.apache.poi.openxml4j.opc.PackageRelationshipCollection - Parsing relationship: /_rels/.rels
02:35:14.606 [main] DEBUG org.apache.poi.openxml4j.opc.PackageRelationshipCollection - Parsing relationship: /xl/_rels/workbook.xml.rels
02:35:14.606 [main] DEBUG org.apache.poi.openxml4j.opc.PackageRelationshipCollection - Parsing relationship: /_rels/.rels
02:35:14.618 [main] INFO  testCases.login_Tests.TC002_Login_DataDrivenTesting - *** Starting TC002_Login_DataDrivenTesting [7]***
02:35:14.681 [main] INFO  testCases.login_Tests.TC002_Login_DataDrivenTesting - 7
02:35:14.681 [main] INFO  testCases.login_Tests.TC002_Login_DataDrivenTesting - Entering Login Credintials...
02:35:14.681 [main] INFO  testCases.login_Tests.TC002_Login_DataDrivenTesting - 
02:35:14.681 [main] INFO  testCases.login_Tests.TC002_Login_DataDrivenTesting - 
02:35:14.949 [main] INFO  testCases.login_Tests.TC002_Login_DataDrivenTesting - Validating Dashboard...
02:35:14.975 [main] INFO  testCases.login_Tests.TC002_Login_DataDrivenTesting - *** TC002_Login_DataDrivenTesting [8] Passed ***
02:35:14.981 [main] INFO  testCases.login_Tests.TC002_Login_DataDrivenTesting - *** Starting TC002_Login_DataDrivenTesting [8]***
02:35:14.981 [main] INFO  testCases.login_Tests.TC002_Login_DataDrivenTesting - 8
02:35:14.981 [main] INFO  testCases.login_Tests.TC002_Login_DataDrivenTesting - Entering Login Credintials...
02:35:14.981 [main] INFO  testCases.login_Tests.TC002_Login_DataDrivenTesting - 
02:35:14.981 [main] INFO  testCases.login_Tests.TC002_Login_DataDrivenTesting - admin123
02:35:15.188 [main] INFO  testCases.login_Tests.TC002_Login_DataDrivenTesting - Validating Dashboard...
02:35:15.208 [main] INFO  testCases.login_Tests.TC002_Login_DataDrivenTesting - *** TC002_Login_DataDrivenTesting [9] Passed ***
02:35:15.208 [main] INFO  testCases.login_Tests.TC002_Login_DataDrivenTesting - *** Starting TC002_Login_DataDrivenTesting [9]***
02:35:15.208 [main] INFO  testCases.login_Tests.TC002_Login_DataDrivenTesting - 9
02:35:15.208 [main] INFO  testCases.login_Tests.TC002_Login_DataDrivenTesting - Entering Login Credintials...
02:35:15.208 [main] INFO  testCases.login_Tests.TC002_Login_DataDrivenTesting - Admin
02:35:15.208 [main] INFO  testCases.login_Tests.TC002_Login_DataDrivenTesting - 
02:35:15.442 [main] INFO  testCases.login_Tests.TC002_Login_DataDrivenTesting - Validating Dashboard...
02:35:15.467 [main] INFO  testCases.login_Tests.TC002_Login_DataDrivenTesting - *** TC002_Login_DataDrivenTesting [10] Passed ***
02:35:15.476 [main] INFO  testCases.login_Tests.TC002_Login_DataDrivenTesting - *** Starting TC002_Login_DataDrivenTesting [10]***
02:35:15.476 [main] INFO  testCases.login_Tests.TC002_Login_DataDrivenTesting - 10
02:35:15.476 [main] INFO  testCases.login_Tests.TC002_Login_DataDrivenTesting - Entering Login Credintials...
02:35:15.476 [main] INFO  testCases.login_Tests.TC002_Login_DataDrivenTesting - A
02:35:15.476 [main] INFO  testCases.login_Tests.TC002_Login_DataDrivenTesting - admin123
02:35:16.420 [main] INFO  testCases.login_Tests.TC002_Login_DataDrivenTesting - Validating Dashboard...
02:35:16.976 [main] INFO  testCases.login_Tests.TC002_Login_DataDrivenTesting - *** TC002_Login_DataDrivenTesting [11] Passed ***
02:35:16.992 [main] INFO  testCases.login_Tests.TC002_Login_DataDrivenTesting - *** Starting TC002_Login_DataDrivenTesting [11]***
02:35:16.992 [main] INFO  testCases.login_Tests.TC002_Login_DataDrivenTesting - 11
02:35:16.992 [main] INFO  testCases.login_Tests.TC002_Login_DataDrivenTesting - Entering Login Credintials...
02:35:16.992 [main] INFO  testCases.login_Tests.TC002_Login_DataDrivenTesting - Admin
02:35:16.992 [main] INFO  testCases.login_Tests.TC002_Login_DataDrivenTesting - admin123
02:35:18.332 [main] INFO  testCases.login_Tests.TC002_Login_DataDrivenTesting - Validating Dashboard...
02:35:18.909 [main] INFO  testCases.login_Tests.TC002_Login_DataDrivenTesting - *** TC002_Login_DataDrivenTesting [12] Passed ***
02:35:20.245 [main] INFO  testCases.login_Tests.TC002_Login_DataDrivenTesting - *** Starting TC002_Login_DataDrivenTesting [12]***
02:35:20.245 [main] INFO  testCases.login_Tests.TC002_Login_DataDrivenTesting - 12
02:35:20.246 [main] INFO  testCases.login_Tests.TC002_Login_DataDrivenTesting - Entering Login Credintials...
02:35:20.246 [main] INFO  testCases.login_Tests.TC002_Login_DataDrivenTesting - Admin
02:35:20.246 [main] INFO  testCases.login_Tests.TC002_Login_DataDrivenTesting - 123
02:35:22.200 [main] INFO  testCases.login_Tests.TC002_Login_DataDrivenTesting - Validating Dashboard...
02:35:22.769 [main] INFO  testCases.login_Tests.TC002_Login_DataDrivenTesting - *** TC002_Login_DataDrivenTesting [13] Passed ***
02:35:29.579 [main] INFO  testCases.EmployeeEndtoEnd_Tests.TC003_AddEmployeeTest - *** Starting TC003_AddEmployeeTest ***
02:35:29.579 [main] INFO  testCases.EmployeeEndtoEnd_Tests.TC003_AddEmployeeTest - Entering Login Credintials...
02:35:34.565 [main] INFO  testCases.EmployeeEndtoEnd_Tests.TC003_AddEmployeeTest - Adding new Employee...
02:35:34.565 [main] INFO  testCases.EmployeeEndtoEnd_Tests.TC003_AddEmployeeTest - Entering Employee data...
02:35:35.464 [main] INFO  testCases.EmployeeEndtoEnd_Tests.TC003_AddEmployeeTest - Entering Employee Login Credintials...
02:35:35.719 [main] INFO  testCases.EmployeeEndtoEnd_Tests.TC003_AddEmployeeTest - Validating Success message...
02:35:38.304 [main] INFO  testCases.EmployeeEndtoEnd_Tests.TC003_AddEmployeeTest - *** TC003_AddEmployeeTest Passed ***
02:35:44.896 [main] INFO  testCases.EmployeeEndtoEnd_Tests.TC004_SearchforEmployeeTest - *** Starting TC004_SearchforEmployeeTest ***
02:35:44.896 [main] INFO  testCases.EmployeeEndtoEnd_Tests.TC004_SearchforEmployeeTest - Entering Login Credintials...
02:35:49.812 [main] INFO  testCases.EmployeeEndtoEnd_Tests.TC004_SearchforEmployeeTest - Searching for Employee...
02:35:52.552 [main] INFO  testCases.EmployeeEndtoEnd_Tests.TC004_SearchforEmployeeTest - Validating Employee search result...
02:35:53.119 [main] INFO  testCases.EmployeeEndtoEnd_Tests.TC004_SearchforEmployeeTest - *** TC004_SearchforEmployeeTest Passed ***
02:35:59.825 [main] INFO  testCases.EmployeeEndtoEnd_Tests.TC005_LoginNewEmployeeTest - *** Starting TC005_LoginNewEmployeeTest ***
02:35:59.825 [main] INFO  testCases.EmployeeEndtoEnd_Tests.TC005_LoginNewEmployeeTest - Entering Login Credintials...
02:36:01.688 [main] INFO  testCases.EmployeeEndtoEnd_Tests.TC005_LoginNewEmployeeTest - Validating Dashboard...
02:36:02.264 [main] INFO  testCases.EmployeeEndtoEnd_Tests.TC005_LoginNewEmployeeTest - *** TC005_LoginNewEmployeeTest Passed ***
02:36:08.771 [main] INFO  testCases.EmployeeEndtoEnd_Tests.TC006_TerminateEmployeeContractTest - *** Starting TC006_TerminateEmployeeContractTest ***
02:36:08.771 [main] INFO  testCases.EmployeeEndtoEnd_Tests.TC006_TerminateEmployeeContractTest - Entering Login Credintials...
02:36:13.748 [main] INFO  testCases.EmployeeEndtoEnd_Tests.TC006_TerminateEmployeeContractTest - Searching for Employee...
02:36:16.550 [main] INFO  testCases.EmployeeEndtoEnd_Tests.TC006_TerminateEmployeeContractTest - Editing Employee details...
02:36:18.905 [main] INFO  testCases.EmployeeEndtoEnd_Tests.TC006_TerminateEmployeeContractTest - Terminating Employee contract...
02:36:21.031 [main] INFO  testCases.EmployeeEndtoEnd_Tests.TC006_TerminateEmployeeContractTest - Validating Employee contract termination...
02:36:23.056 [main] INFO  testCases.EmployeeEndtoEnd_Tests.TC006_TerminateEmployeeContractTest - *** TC006_TerminateEmployeeContractTest Passed ***
02:36:29.747 [main] INFO  testCases.EmployeeEndtoEnd_Tests.TC007_LoginAsTerminatedEmployeeTest - *** Starting TC007_LoginAsTerminatedEmployeeTest ***
02:36:29.747 [main] INFO  testCases.EmployeeEndtoEnd_Tests.TC007_LoginAsTerminatedEmployeeTest - Entering Login Credintials...
02:36:31.652 [main] INFO  testCases.EmployeeEndtoEnd_Tests.TC007_LoginAsTerminatedEmployeeTest - Validating Dashboard...
02:36:32.207 [main] INFO  testCases.EmployeeEndtoEnd_Tests.TC007_LoginAsTerminatedEmployeeTest - *** TC007_LoginAsTerminatedEmployeeTest Passed ***
02:36:39.081 [main] INFO  testCases.EmployeeEndtoEnd_Tests.TC008_RemoveEmployeeTest - *** Starting TC008_RemoveEmployeeTest ***
02:36:39.081 [main] INFO  testCases.EmployeeEndtoEnd_Tests.TC008_RemoveEmployeeTest - Entering Login Credintials...
02:36:44.042 [main] INFO  testCases.EmployeeEndtoEnd_Tests.TC008_RemoveEmployeeTest - Searching for Employee...
02:36:44.697 [main] INFO  testCases.EmployeeEndtoEnd_Tests.TC008_RemoveEmployeeTest - Enabling Past and current Employee option...
02:36:47.072 [main] INFO  testCases.EmployeeEndtoEnd_Tests.TC008_RemoveEmployeeTest - Deleting Empolyee...
02:36:47.806 [main] INFO  testCases.EmployeeEndtoEnd_Tests.TC008_RemoveEmployeeTest - Validating Empolyee deletion...
02:36:48.331 [main] INFO  testCases.EmployeeEndtoEnd_Tests.TC008_RemoveEmployeeTest - *** TC008_RemoveEmployeeTest Passed ***
02:36:54.921 [main] INFO  testCases.CandidateEndtoEnd_Tests.TC009_CandidateAddingToHiring_Test - *** Starting TC009_CandidateAddingToHiring_Test ***
02:36:54.921 [main] INFO  testCases.CandidateEndtoEnd_Tests.TC009_CandidateAddingToHiring_Test - * Starting Validate_AddingVacancy test *
02:36:54.921 [main] INFO  testCases.CandidateEndtoEnd_Tests.TC009_CandidateAddingToHiring_Test - Entering Login Credintials...
02:37:00.023 [main] INFO  testCases.CandidateEndtoEnd_Tests.TC009_CandidateAddingToHiring_Test - Adding new Vacancy...
02:37:01.316 [main] INFO  testCases.CandidateEndtoEnd_Tests.TC009_CandidateAddingToHiring_Test - Entering Vacancy data...
02:37:04.660 [main] INFO  testCases.CandidateEndtoEnd_Tests.TC009_CandidateAddingToHiring_Test - Validating added vacancy...
02:37:06.763 [main] INFO  testCases.CandidateEndtoEnd_Tests.TC009_CandidateAddingToHiring_Test - *  Validate_AddingVacancy test Passed  *
02:37:06.779 [main] INFO  testCases.CandidateEndtoEnd_Tests.TC009_CandidateAddingToHiring_Test - * Starting Validate_AddingCandidate test *
02:37:07.223 [main] INFO  testCases.CandidateEndtoEnd_Tests.TC009_CandidateAddingToHiring_Test - Adding new Candidate...
02:37:08.356 [main] INFO  testCases.CandidateEndtoEnd_Tests.TC009_CandidateAddingToHiring_Test - Entering Candidate data...
02:37:09.880 [main] INFO  testCases.CandidateEndtoEnd_Tests.TC009_CandidateAddingToHiring_Test - Validating added vacancy...
02:37:10.405 [main] INFO  testCases.CandidateEndtoEnd_Tests.TC009_CandidateAddingToHiring_Test - *  Validate_AddingCandidate test Passed  *
02:37:10.416 [main] INFO  testCases.CandidateEndtoEnd_Tests.TC009_CandidateAddingToHiring_Test - * Starting Validate_AddCandidateToShortList test *
02:37:10.416 [main] INFO  testCases.CandidateEndtoEnd_Tests.TC009_CandidateAddingToHiring_Test - Adding Candidate to the shortlist...
02:37:15.779 [main] INFO  testCases.CandidateEndtoEnd_Tests.TC009_CandidateAddingToHiring_Test - Validating adding the Candidate to the shortlist...
02:37:16.319 [main] INFO  testCases.CandidateEndtoEnd_Tests.TC009_CandidateAddingToHiring_Test - *  Validate_AddCandidateToShortList test Passed  *
02:37:16.319 [main] INFO  testCases.CandidateEndtoEnd_Tests.TC009_CandidateAddingToHiring_Test - * Starting Validate_SchedulingInterview test *
02:37:16.319 [main] INFO  testCases.CandidateEndtoEnd_Tests.TC009_CandidateAddingToHiring_Test - Scheduling Interview for a candidate...
02:37:20.404 [main] INFO  testCases.CandidateEndtoEnd_Tests.TC009_CandidateAddingToHiring_Test - Entering Interview details...
02:37:22.911 [main] INFO  testCases.CandidateEndtoEnd_Tests.TC009_CandidateAddingToHiring_Test - Validating Scheduling the interview...
02:37:23.469 [main] INFO  testCases.CandidateEndtoEnd_Tests.TC009_CandidateAddingToHiring_Test - *  Validate_SchedulingInterview test Passed  *
02:37:23.474 [main] INFO  testCases.CandidateEndtoEnd_Tests.TC009_CandidateAddingToHiring_Test - * Starting Validate_PassingInterview test *
02:37:28.316 [main] INFO  testCases.CandidateEndtoEnd_Tests.TC009_CandidateAddingToHiring_Test - Validating marking the interview as passed...
02:37:28.842 [main] INFO  testCases.CandidateEndtoEnd_Tests.TC009_CandidateAddingToHiring_Test - *  Validate_PassingInterview test Passed  *
02:37:28.842 [main] INFO  testCases.CandidateEndtoEnd_Tests.TC009_CandidateAddingToHiring_Test - * Starting Validate_OfferJob test *
02:37:33.629 [main] INFO  testCases.CandidateEndtoEnd_Tests.TC009_CandidateAddingToHiring_Test - Validating offering job...
02:37:34.154 [main] INFO  testCases.CandidateEndtoEnd_Tests.TC009_CandidateAddingToHiring_Test - *  Validate_OfferJob test Passed  *
02:37:34.154 [main] INFO  testCases.CandidateEndtoEnd_Tests.TC009_CandidateAddingToHiring_Test - * Starting Validate_HiringCandidate test *
02:37:39.437 [main] INFO  testCases.CandidateEndtoEnd_Tests.TC009_CandidateAddingToHiring_Test - Validating hiring a candidate...
02:37:39.962 [main] INFO  testCases.CandidateEndtoEnd_Tests.TC009_CandidateAddingToHiring_Test - *  Validate_HiringCandidate test Passed  *
02:37:39.962 [main] INFO  testCases.CandidateEndtoEnd_Tests.TC009_CandidateAddingToHiring_Test - *** Ending TC009_CandidateAddingToHiring_Test ***
02:37:44.652 [main] INFO  testCases.login_Tests.TC001_LoginTest - *** Starting TC001_LoginTest ***
02:37:44.652 [main] INFO  testCases.login_Tests.TC001_LoginTest - Entering Login Credintials...
02:37:46.877 [main] INFO  testCases.login_Tests.TC001_LoginTest - Validating Dashboard...
02:37:47.531 [main] INFO  testCases.login_Tests.TC001_LoginTest - *** TC001_LoginTest Passed ***
02:37:51.030 [main] DEBUG org.apache.poi.openxml4j.opc.PackageRelationshipCollection - Parsing relationship: /xl/_rels/workbook.xml.rels
02:37:51.030 [main] DEBUG org.apache.poi.openxml4j.opc.PackageRelationshipCollection - Parsing relationship: /_rels/.rels
02:37:51.047 [main] DEBUG org.apache.poi.openxml4j.opc.PackageRelationshipCollection - Parsing relationship: /xl/_rels/workbook.xml.rels
02:37:51.047 [main] DEBUG org.apache.poi.openxml4j.opc.PackageRelationshipCollection - Parsing relationship: /_rels/.rels
02:37:51.070 [main] DEBUG org.apache.poi.openxml4j.opc.PackageRelationshipCollection - Parsing relationship: /xl/_rels/workbook.xml.rels
02:37:51.070 [main] DEBUG org.apache.poi.openxml4j.opc.PackageRelationshipCollection - Parsing relationship: /_rels/.rels
02:37:51.094 [main] DEBUG org.apache.poi.openxml4j.opc.PackageRelationshipCollection - Parsing relationship: /xl/_rels/workbook.xml.rels
02:37:51.094 [main] DEBUG org.apache.poi.openxml4j.opc.PackageRelationshipCollection - Parsing relationship: /_rels/.rels
02:37:51.111 [main] DEBUG org.apache.poi.openxml4j.opc.PackageRelationshipCollection - Parsing relationship: /xl/_rels/workbook.xml.rels
02:37:51.111 [main] DEBUG org.apache.poi.openxml4j.opc.PackageRelationshipCollection - Parsing relationship: /_rels/.rels
02:37:51.127 [main] DEBUG org.apache.poi.openxml4j.opc.PackageRelationshipCollection - Parsing relationship: /xl/_rels/workbook.xml.rels
02:37:51.127 [main] DEBUG org.apache.poi.openxml4j.opc.PackageRelationshipCollection - Parsing relationship: /_rels/.rels
02:37:51.142 [main] DEBUG org.apache.poi.openxml4j.opc.PackageRelationshipCollection - Parsing relationship: /xl/_rels/workbook.xml.rels
02:37:51.142 [main] DEBUG org.apache.poi.openxml4j.opc.PackageRelationshipCollection - Parsing relationship: /_rels/.rels
02:37:51.158 [main] DEBUG org.apache.poi.openxml4j.opc.PackageRelationshipCollection - Parsing relationship: /xl/_rels/workbook.xml.rels
02:37:51.158 [main] DEBUG org.apache.poi.openxml4j.opc.PackageRelationshipCollection - Parsing relationship: /_rels/.rels
02:37:51.177 [main] DEBUG org.apache.poi.openxml4j.opc.PackageRelationshipCollection - Parsing relationship: /xl/_rels/workbook.xml.rels
02:37:51.178 [main] DEBUG org.apache.poi.openxml4j.opc.PackageRelationshipCollection - Parsing relationship: /_rels/.rels
02:37:51.193 [main] DEBUG org.apache.poi.openxml4j.opc.PackageRelationshipCollection - Parsing relationship: /xl/_rels/workbook.xml.rels
02:37:51.194 [main] DEBUG org.apache.poi.openxml4j.opc.PackageRelationshipCollection - Parsing relationship: /_rels/.rels
02:37:51.206 [main] DEBUG org.apache.poi.openxml4j.opc.PackageRelationshipCollection - Parsing relationship: /xl/_rels/workbook.xml.rels
02:37:51.206 [main] DEBUG org.apache.poi.openxml4j.opc.PackageRelationshipCollection - Parsing relationship: /_rels/.rels
02:37:51.229 [main] DEBUG org.apache.poi.openxml4j.opc.PackageRelationshipCollection - Parsing relationship: /xl/_rels/workbook.xml.rels
02:37:51.231 [main] DEBUG org.apache.poi.openxml4j.opc.PackageRelationshipCollection - Parsing relationship: /_rels/.rels
02:37:51.253 [main] DEBUG org.apache.poi.openxml4j.opc.PackageRelationshipCollection - Parsing relationship: /xl/_rels/workbook.xml.rels
02:37:51.253 [main] DEBUG org.apache.poi.openxml4j.opc.PackageRelationshipCollection - Parsing relationship: /_rels/.rels
02:37:51.269 [main] DEBUG org.apache.poi.openxml4j.opc.PackageRelationshipCollection - Parsing relationship: /xl/_rels/workbook.xml.rels
02:37:51.269 [main] DEBUG org.apache.poi.openxml4j.opc.PackageRelationshipCollection - Parsing relationship: /_rels/.rels
02:37:51.301 [main] DEBUG org.apache.poi.openxml4j.opc.PackageRelationshipCollection - Parsing relationship: /xl/_rels/workbook.xml.rels
02:37:51.301 [main] DEBUG org.apache.poi.openxml4j.opc.PackageRelationshipCollection - Parsing relationship: /_rels/.rels
02:37:51.323 [main] DEBUG org.apache.poi.openxml4j.opc.PackageRelationshipCollection - Parsing relationship: /xl/_rels/workbook.xml.rels
02:37:51.323 [main] DEBUG org.apache.poi.openxml4j.opc.PackageRelationshipCollection - Parsing relationship: /_rels/.rels
02:37:51.339 [main] DEBUG org.apache.poi.openxml4j.opc.PackageRelationshipCollection - Parsing relationship: /xl/_rels/workbook.xml.rels
02:37:51.344 [main] DEBUG org.apache.poi.openxml4j.opc.PackageRelationshipCollection - Parsing relationship: /_rels/.rels
02:37:51.364 [main] DEBUG org.apache.poi.openxml4j.opc.PackageRelationshipCollection - Parsing relationship: /xl/_rels/workbook.xml.rels
02:37:51.364 [main] DEBUG org.apache.poi.openxml4j.opc.PackageRelationshipCollection - Parsing relationship: /_rels/.rels
02:37:51.380 [main] DEBUG org.apache.poi.openxml4j.opc.PackageRelationshipCollection - Parsing relationship: /xl/_rels/workbook.xml.rels
02:37:51.380 [main] DEBUG org.apache.poi.openxml4j.opc.PackageRelationshipCollection - Parsing relationship: /_rels/.rels
02:37:51.402 [main] DEBUG org.apache.poi.openxml4j.opc.PackageRelationshipCollection - Parsing relationship: /xl/_rels/workbook.xml.rels
02:37:51.402 [main] DEBUG org.apache.poi.openxml4j.opc.PackageRelationshipCollection - Parsing relationship: /_rels/.rels
02:37:51.412 [main] INFO  testCases.login_Tests.TC002_Login_DataDrivenTesting - *** Starting TC002_Login_DataDrivenTesting [13]***
02:37:51.412 [main] INFO  testCases.login_Tests.TC002_Login_DataDrivenTesting - 13
02:37:51.412 [main] INFO  testCases.login_Tests.TC002_Login_DataDrivenTesting - Entering Login Credintials...
02:37:51.412 [main] INFO  testCases.login_Tests.TC002_Login_DataDrivenTesting - 
02:37:51.412 [main] INFO  testCases.login_Tests.TC002_Login_DataDrivenTesting - 
02:37:52.077 [main] INFO  testCases.login_Tests.TC002_Login_DataDrivenTesting - Validating Dashboard...
02:37:52.159 [main] INFO  testCases.login_Tests.TC002_Login_DataDrivenTesting - *** TC002_Login_DataDrivenTesting [14] Passed ***
02:37:52.163 [main] INFO  testCases.login_Tests.TC002_Login_DataDrivenTesting - *** Starting TC002_Login_DataDrivenTesting [14]***
02:37:52.163 [main] INFO  testCases.login_Tests.TC002_Login_DataDrivenTesting - 14
02:37:52.163 [main] INFO  testCases.login_Tests.TC002_Login_DataDrivenTesting - Entering Login Credintials...
02:37:52.163 [main] INFO  testCases.login_Tests.TC002_Login_DataDrivenTesting - 
02:37:52.163 [main] INFO  testCases.login_Tests.TC002_Login_DataDrivenTesting - admin123
02:37:52.700 [main] INFO  testCases.login_Tests.TC002_Login_DataDrivenTesting - Validating Dashboard...
02:37:52.759 [main] INFO  testCases.login_Tests.TC002_Login_DataDrivenTesting - *** TC002_Login_DataDrivenTesting [15] Passed ***
02:37:52.759 [main] INFO  testCases.login_Tests.TC002_Login_DataDrivenTesting - *** Starting TC002_Login_DataDrivenTesting [15]***
02:37:52.759 [main] INFO  testCases.login_Tests.TC002_Login_DataDrivenTesting - 15
02:37:52.759 [main] INFO  testCases.login_Tests.TC002_Login_DataDrivenTesting - Entering Login Credintials...
02:37:52.759 [main] INFO  testCases.login_Tests.TC002_Login_DataDrivenTesting - Admin
02:37:52.759 [main] INFO  testCases.login_Tests.TC002_Login_DataDrivenTesting - 
02:37:53.318 [main] INFO  testCases.login_Tests.TC002_Login_DataDrivenTesting - Validating Dashboard...
02:37:53.398 [main] INFO  testCases.login_Tests.TC002_Login_DataDrivenTesting - *** TC002_Login_DataDrivenTesting [16] Passed ***
02:37:53.402 [main] INFO  testCases.login_Tests.TC002_Login_DataDrivenTesting - *** Starting TC002_Login_DataDrivenTesting [16]***
02:37:53.402 [main] INFO  testCases.login_Tests.TC002_Login_DataDrivenTesting - 16
02:37:53.402 [main] INFO  testCases.login_Tests.TC002_Login_DataDrivenTesting - Entering Login Credintials...
02:37:53.402 [main] INFO  testCases.login_Tests.TC002_Login_DataDrivenTesting - A
02:37:53.402 [main] INFO  testCases.login_Tests.TC002_Login_DataDrivenTesting - admin123
02:37:53.969 [main] INFO  testCases.login_Tests.TC002_Login_DataDrivenTesting - Validating Dashboard...
02:37:55.194 [main] INFO  testCases.login_Tests.TC002_Login_DataDrivenTesting - *** TC002_Login_DataDrivenTesting [17] Passed ***
02:37:55.194 [main] INFO  testCases.login_Tests.TC002_Login_DataDrivenTesting - *** Starting TC002_Login_DataDrivenTesting [17]***
02:37:55.194 [main] INFO  testCases.login_Tests.TC002_Login_DataDrivenTesting - 17
02:37:55.194 [main] INFO  testCases.login_Tests.TC002_Login_DataDrivenTesting - Entering Login Credintials...
02:37:55.194 [main] INFO  testCases.login_Tests.TC002_Login_DataDrivenTesting - Admin
02:37:55.194 [main] INFO  testCases.login_Tests.TC002_Login_DataDrivenTesting - admin123
02:37:55.755 [main] INFO  testCases.login_Tests.TC002_Login_DataDrivenTesting - Validating Dashboard...
02:37:57.254 [main] INFO  testCases.login_Tests.TC002_Login_DataDrivenTesting - *** TC002_Login_DataDrivenTesting [18] Passed ***
02:37:58.344 [main] INFO  testCases.login_Tests.TC002_Login_DataDrivenTesting - *** Starting TC002_Login_DataDrivenTesting [18]***
02:37:58.344 [main] INFO  testCases.login_Tests.TC002_Login_DataDrivenTesting - 18
02:37:58.344 [main] INFO  testCases.login_Tests.TC002_Login_DataDrivenTesting - Entering Login Credintials...
02:37:58.344 [main] INFO  testCases.login_Tests.TC002_Login_DataDrivenTesting - Admin
02:37:58.344 [main] INFO  testCases.login_Tests.TC002_Login_DataDrivenTesting - 123
02:37:59.535 [main] INFO  testCases.login_Tests.TC002_Login_DataDrivenTesting - Validating Dashboard...
02:38:01.057 [main] INFO  testCases.login_Tests.TC002_Login_DataDrivenTesting - *** TC002_Login_DataDrivenTesting [19] Passed ***
02:38:04.553 [main] INFO  testCases.EmployeeEndtoEnd_Tests.TC003_AddEmployeeTest - *** Starting TC003_AddEmployeeTest ***
02:38:04.553 [main] INFO  testCases.EmployeeEndtoEnd_Tests.TC003_AddEmployeeTest - Entering Login Credintials...
02:38:09.239 [main] INFO  testCases.EmployeeEndtoEnd_Tests.TC003_AddEmployeeTest - Adding new Employee...
02:38:09.239 [main] INFO  testCases.EmployeeEndtoEnd_Tests.TC003_AddEmployeeTest - Entering Employee data...
02:38:10.497 [main] INFO  testCases.EmployeeEndtoEnd_Tests.TC003_AddEmployeeTest - Entering Employee Login Credintials...
02:38:11.103 [main] INFO  testCases.EmployeeEndtoEnd_Tests.TC003_AddEmployeeTest - Validating Success message...
02:38:13.770 [main] INFO  testCases.EmployeeEndtoEnd_Tests.TC003_AddEmployeeTest - *** TC003_AddEmployeeTest Passed ***
02:38:17.152 [main] INFO  testCases.EmployeeEndtoEnd_Tests.TC004_SearchforEmployeeTest - *** Starting TC004_SearchforEmployeeTest ***
02:38:17.152 [main] INFO  testCases.EmployeeEndtoEnd_Tests.TC004_SearchforEmployeeTest - Entering Login Credintials...
02:38:22.087 [main] INFO  testCases.EmployeeEndtoEnd_Tests.TC004_SearchforEmployeeTest - Searching for Employee...
02:38:25.053 [main] INFO  testCases.EmployeeEndtoEnd_Tests.TC004_SearchforEmployeeTest - Validating Employee search result...
02:38:25.675 [main] INFO  testCases.EmployeeEndtoEnd_Tests.TC004_SearchforEmployeeTest - *** TC004_SearchforEmployeeTest Passed ***
02:38:29.252 [main] INFO  testCases.EmployeeEndtoEnd_Tests.TC005_LoginNewEmployeeTest - *** Starting TC005_LoginNewEmployeeTest ***
02:38:29.252 [main] INFO  testCases.EmployeeEndtoEnd_Tests.TC005_LoginNewEmployeeTest - Entering Login Credintials...
02:38:31.435 [main] INFO  testCases.EmployeeEndtoEnd_Tests.TC005_LoginNewEmployeeTest - Validating Dashboard...
02:38:32.086 [main] INFO  testCases.EmployeeEndtoEnd_Tests.TC005_LoginNewEmployeeTest - *** TC005_LoginNewEmployeeTest Passed ***
02:38:35.703 [main] INFO  testCases.EmployeeEndtoEnd_Tests.TC006_TerminateEmployeeContractTest - *** Starting TC006_TerminateEmployeeContractTest ***
02:38:35.705 [main] INFO  testCases.EmployeeEndtoEnd_Tests.TC006_TerminateEmployeeContractTest - Entering Login Credintials...
02:38:43.536 [main] INFO  testCases.EmployeeEndtoEnd_Tests.TC006_TerminateEmployeeContractTest - Searching for Employee...
02:38:46.982 [main] INFO  testCases.EmployeeEndtoEnd_Tests.TC006_TerminateEmployeeContractTest - Editing Employee details...
02:38:50.067 [main] INFO  testCases.EmployeeEndtoEnd_Tests.TC006_TerminateEmployeeContractTest - Terminating Employee contract...
02:38:52.596 [main] INFO  testCases.EmployeeEndtoEnd_Tests.TC006_TerminateEmployeeContractTest - Validating Employee contract termination...
02:38:54.655 [main] INFO  testCases.EmployeeEndtoEnd_Tests.TC006_TerminateEmployeeContractTest - *** TC006_TerminateEmployeeContractTest Passed ***
02:38:59.003 [main] INFO  testCases.EmployeeEndtoEnd_Tests.TC007_LoginAsTerminatedEmployeeTest - *** Starting TC007_LoginAsTerminatedEmployeeTest ***
